This is pdfTeX, Version 3.141592653-2.6-1.40.23 (MiKTeX 21.8) (preloaded format=pdflatex 2023.8.21)  22 APR 2025 14:38
entering extended mode
**./week-14-blank.tex
(week-14-blank.tex
LaTeX2e <2021-06-01> patch level 1
L3 programming layer <2021-08-27>
(C:\Program Files (x86)\MiKTeX\tex/latex/base\article.cls
Document Class: article 2021/02/12 v1.4n Standard LaTeX document class
(C:\Program Files (x86)\MiKTeX\tex/latex/base\size11.clo
File: size11.clo 2021/02/12 v1.4n Standard LaTeX file (size option)
)
\c@part=\count182
\c@section=\count183
\c@subsection=\count184
\c@subsubsection=\count185
\c@paragraph=\count186
\c@subparagraph=\count187
\c@figure=\count188
\c@table=\count189
\abovecaptionskip=\skip47
\belowcaptionskip=\skip48
\bibindent=\dimen138
)
(C:\Program Files (x86)\MiKTeX\tex/latex/geometry\geometry.sty
Package: geometry 2020/01/02 v5.9 Page Geometry

(C:\Program Files (x86)\MiKTeX\tex/latex/graphics\keyval.sty
Package: keyval 2014/10/28 v1.15 key=value parser (DPC)
\KV@toks@=\toks16
)
(C:\Program Files (x86)\MiKTeX\tex/generic/iftex\ifvtex.sty
Package: ifvtex 2019/10/25 v1.7 ifvtex legacy package. Use iftex instead.

(C:\Program Files (x86)\MiKTeX\tex/generic/iftex\iftex.sty
Package: iftex 2020/03/06 v1.0d TeX engine tests
))
\Gm@cnth=\count190
\Gm@cntv=\count191
\c@Gm@tempcnt=\count192
\Gm@bindingoffset=\dimen139
\Gm@wd@mp=\dimen140
\Gm@odd@mp=\dimen141
\Gm@even@mp=\dimen142
\Gm@layoutwidth=\dimen143
\Gm@layoutheight=\dimen144
\Gm@layouthoffset=\dimen145
\Gm@layoutvoffset=\dimen146
\Gm@dimlist=\toks17

(C:\Program Files (x86)\MiKTeX\tex/latex/geometry\geometry.cfg)) (preamble.tex
(C:\Program Files (x86)\MiKTeX\tex/latex/hyperref\hyperref.sty
Package: hyperref 2021-06-07 v7.00m Hypertext links for LaTeX

(C:\Program Files (x86)\MiKTeX\tex/generic/ltxcmds\ltxcmds.sty
Package: ltxcmds 2020-05-10 v1.25 LaTeX kernel commands for general use (HO)
)
(C:\Program Files (x86)\MiKTeX\tex/generic/pdftexcmds\pdftexcmds.sty
Package: pdftexcmds 2020-06-27 v0.33 Utility functions of pdfTeX for LuaTeX (HO
)

(C:\Program Files (x86)\MiKTeX\tex/generic/infwarerr\infwarerr.sty
Package: infwarerr 2019/12/03 v1.5 Providing info/warning/error messages (HO)
)
Package pdftexcmds Info: \pdf@primitive is available.
Package pdftexcmds Info: \pdf@ifprimitive is available.
Package pdftexcmds Info: \pdfdraftmode found.
)
(C:\Program Files (x86)\MiKTeX\tex/generic/kvsetkeys\kvsetkeys.sty
Package: kvsetkeys 2019/12/15 v1.18 Key value parser (HO)
)
(C:\Program Files (x86)\MiKTeX\tex/generic/kvdefinekeys\kvdefinekeys.sty
Package: kvdefinekeys 2019-12-19 v1.6 Define keys (HO)
)
(C:\Program Files (x86)\MiKTeX\tex/generic/pdfescape\pdfescape.sty
Package: pdfescape 2019/12/09 v1.15 Implements pdfTeX's escape features (HO)
)
(C:\Program Files (x86)\MiKTeX\tex/latex/hycolor\hycolor.sty
Package: hycolor 2020-01-27 v1.10 Color options for hyperref/bookmark (HO)
)
(C:\Program Files (x86)\MiKTeX\tex/latex/letltxmacro\letltxmacro.sty
Package: letltxmacro 2019/12/03 v1.6 Let assignment for LaTeX macros (HO)
)
(C:\Program Files (x86)\MiKTeX\tex/latex/auxhook\auxhook.sty
Package: auxhook 2019-12-17 v1.6 Hooks for auxiliary files (HO)
)
(C:\Program Files (x86)\MiKTeX\tex/latex/kvoptions\kvoptions.sty
Package: kvoptions 2020-10-07 v3.14 Key value format for package options (HO)
)
\@linkdim=\dimen147
\Hy@linkcounter=\count193
\Hy@pagecounter=\count194

(C:\Program Files (x86)\MiKTeX\tex/latex/hyperref\pd1enc.def
File: pd1enc.def 2021-06-07 v7.00m Hyperref: PDFDocEncoding definition (HO)
Now handling font encoding PD1 ...
... no UTF-8 mapping file for font encoding PD1
)
(C:\Program Files (x86)\MiKTeX\tex/latex/hyperref\hyperref-langpatches.def
File: hyperref-langpatches.def 2021-06-07 v7.00m Hyperref: patches for babel la
nguages
)
(C:\Program Files (x86)\MiKTeX\tex/generic/intcalc\intcalc.sty
Package: intcalc 2019/12/15 v1.3 Expandable calculations with integers (HO)
)
(C:\Program Files (x86)\MiKTeX\tex/generic/etexcmds\etexcmds.sty
Package: etexcmds 2019/12/15 v1.7 Avoid name clashes with e-TeX commands (HO)
)
\Hy@SavedSpaceFactor=\count195

(C:\Program Files (x86)\MiKTeX\tex/latex/hyperref\puenc.def
File: puenc.def 2021-06-07 v7.00m Hyperref: PDF Unicode definition (HO)
Now handling font encoding PU ...
... no UTF-8 mapping file for font encoding PU
)
Package hyperref Info: Hyper figures OFF on input line 4192.
Package hyperref Info: Link nesting OFF on input line 4197.
Package hyperref Info: Hyper index ON on input line 4200.
Package hyperref Info: Plain pages OFF on input line 4207.
Package hyperref Info: Backreferencing OFF on input line 4212.
Package hyperref Info: Implicit mode ON; LaTeX internals redefined.
Package hyperref Info: Bookmarks ON on input line 4445.
\c@Hy@tempcnt=\count196

(C:\Program Files (x86)\MiKTeX\tex/latex/url\url.sty
\Urlmuskip=\muskip16
Package: url 2013/09/16  ver 3.4  Verb mode for urls, etc.
)
LaTeX Info: Redefining \url on input line 4804.
\XeTeXLinkMargin=\dimen148

(C:\Program Files (x86)\MiKTeX\tex/generic/bitset\bitset.sty
Package: bitset 2019/12/09 v1.3 Handle bit-vector datatype (HO)

(C:\Program Files (x86)\MiKTeX\tex/generic/bigintcalc\bigintcalc.sty
Package: bigintcalc 2019/12/15 v1.5 Expandable calculations on big integers (HO
)
))
\Fld@menulength=\count197
\Field@Width=\dimen149
\Fld@charsize=\dimen150
Package hyperref Info: Hyper figures OFF on input line 6076.
Package hyperref Info: Link nesting OFF on input line 6081.
Package hyperref Info: Hyper index ON on input line 6084.
Package hyperref Info: backreferencing OFF on input line 6091.
Package hyperref Info: Link coloring OFF on input line 6096.
Package hyperref Info: Link coloring with OCG OFF on input line 6101.
Package hyperref Info: PDF/A mode OFF on input line 6106.
LaTeX Info: Redefining \ref on input line 6146.
LaTeX Info: Redefining \pageref on input line 6150.

(C:\Program Files (x86)\MiKTeX\tex/latex/base\atbegshi-ltx.sty
Package: atbegshi-ltx 2021/01/10 v1.0c Emulation of the original atbegshi
package with kernel methods
)
\Hy@abspage=\count198
\c@Item=\count199
\c@Hfootnote=\count266
)
Package hyperref Info: Driver (autodetected): hpdftex.

(C:\Program Files (x86)\MiKTeX\tex/latex/hyperref\hpdftex.def
File: hpdftex.def 2021-06-07 v7.00m Hyperref driver for pdfTeX

(C:\Program Files (x86)\MiKTeX\tex/latex/base\atveryend-ltx.sty
Package: atveryend-ltx 2020/08/19 v1.0a Emulation of the original atvery packag
e
with kernel methods
)
\Fld@listcount=\count267
\c@bookmark@seq@number=\count268

(C:\Program Files (x86)\MiKTeX\tex/latex/rerunfilecheck\rerunfilecheck.sty
Package: rerunfilecheck 2019/12/05 v1.9 Rerun checks for auxiliary files (HO)

(C:\Program Files (x86)\MiKTeX\tex/generic/uniquecounter\uniquecounter.sty
Package: uniquecounter 2019/12/15 v1.4 Provide unlimited unique counter (HO)
)
Package uniquecounter Info: New unique counter `rerunfilecheck' on input line 2
86.
)
\Hy@SectionHShift=\skip49
)
Package hyperref Info: Option `colorlinks' set `true' on input line 7.

(C:\Program Files (x86)\MiKTeX\tex/latex/base\inputenc.sty
Package: inputenc 2021/02/14 v1.3d Input encoding file
\inpenc@prehook=\toks18
\inpenc@posthook=\toks19

(C:\Program Files (x86)\MiKTeX\tex/latex/base\latin1.def
File: latin1.def 2021/02/14 v1.3d Input encoding file
))
(C:\Program Files (x86)\MiKTeX\tex/latex/amsmath\amsmath.sty
Package: amsmath 2021/04/20 v2.17j AMS math features
\@mathmargin=\skip50

For additional information on amsmath, use the `?' option.
(C:\Program Files (x86)\MiKTeX\tex/latex/amsmath\amstext.sty
Package: amstext 2000/06/29 v2.01 AMS text

(C:\Program Files (x86)\MiKTeX\tex/latex/amsmath\amsgen.sty
File: amsgen.sty 1999/11/30 v2.0 generic functions
\@emptytoks=\toks20
\ex@=\dimen151
))
(C:\Program Files (x86)\MiKTeX\tex/latex/amsmath\amsbsy.sty
Package: amsbsy 1999/11/29 v1.2d Bold Symbols
\pmbraise@=\dimen152
)
(C:\Program Files (x86)\MiKTeX\tex/latex/amsmath\amsopn.sty
Package: amsopn 2016/03/08 v2.02 operator names
)
\inf@bad=\count269
LaTeX Info: Redefining \frac on input line 234.
\uproot@=\count270
\leftroot@=\count271
LaTeX Info: Redefining \overline on input line 399.
\classnum@=\count272
\DOTSCASE@=\count273
LaTeX Info: Redefining \ldots on input line 496.
LaTeX Info: Redefining \dots on input line 499.
LaTeX Info: Redefining \cdots on input line 620.
\Mathstrutbox@=\box50
\strutbox@=\box51
\big@size=\dimen153
LaTeX Font Info:    Redeclaring font encoding OML on input line 743.
LaTeX Font Info:    Redeclaring font encoding OMS on input line 744.
\macc@depth=\count274
\c@MaxMatrixCols=\count275
\dotsspace@=\muskip17
\c@parentequation=\count276
\dspbrk@lvl=\count277
\tag@help=\toks21
\row@=\count278
\column@=\count279
\maxfields@=\count280
\andhelp@=\toks22
\eqnshift@=\dimen154
\alignsep@=\dimen155
\tagshift@=\dimen156
\tagwidth@=\dimen157
\totwidth@=\dimen158
\lineht@=\dimen159
\@envbody=\toks23
\multlinegap=\skip51
\multlinetaggap=\skip52
\mathdisplay@stack=\toks24
LaTeX Info: Redefining \[ on input line 2923.
LaTeX Info: Redefining \] on input line 2924.
)
(C:\Program Files (x86)\MiKTeX\tex/latex/jknappen\mathrsfs.sty
Package: mathrsfs 1996/01/01 Math RSFS package v1.0 (jk)
\symrsfs=\mathgroup4
)
(C:\Program Files (x86)\MiKTeX\tex/latex/amsfonts\amsfonts.sty
Package: amsfonts 2013/01/14 v3.01 Basic AMSFonts support
\symAMSa=\mathgroup5
\symAMSb=\mathgroup6
LaTeX Font Info:    Redeclaring math symbol \hbar on input line 98.
LaTeX Font Info:    Overwriting math alphabet `\mathfrak' in version `bold'
(Font)                  U/euf/m/n --> U/euf/b/n on input line 106.
)
(C:\Program Files (x86)\MiKTeX\tex/latex/amsfonts\amssymb.sty
Package: amssymb 2013/01/14 v3.01 AMS font symbols
)
(C:\Program Files (x86)\MiKTeX\tex/latex/graphics\graphicx.sty
Package: graphicx 2020/12/05 v1.2c Enhanced LaTeX Graphics (DPC,SPQR)

(C:\Program Files (x86)\MiKTeX\tex/latex/graphics\graphics.sty
Package: graphics 2021/03/04 v1.4d Standard LaTeX Graphics (DPC,SPQR)

(C:\Program Files (x86)\MiKTeX\tex/latex/graphics\trig.sty
Package: trig 2016/01/03 v1.10 sin cos tan (DPC)
)
(C:\Program Files (x86)\MiKTeX\tex/latex/graphics-cfg\graphics.cfg
File: graphics.cfg 2016/06/04 v1.11 sample graphics configuration
)
Package graphics Info: Driver file: pdftex.def on input line 107.

(C:\Program Files (x86)\MiKTeX\tex/latex/graphics-def\pdftex.def
File: pdftex.def 2020/10/05 v1.2a Graphics/color driver for pdftex
))
\Gin@req@height=\dimen160
\Gin@req@width=\dimen161
)
(C:\Program Files (x86)\MiKTeX\tex/latex/subfig\subfig.sty
Package: subfig 2005/06/28 ver: 1.3 subfig package

(C:\Program Files (x86)\MiKTeX\tex/latex/caption\caption.sty
Package: caption 2020/10/26 v3.5g Customizing captions (AR)

(C:\Program Files (x86)\MiKTeX\tex/latex/caption\caption3.sty
Package: caption3 2020/10/21 v2.2e caption3 kernel (AR)
\captionmargin=\dimen162
\captionmargin@=\dimen163
\captionwidth=\dimen164
\caption@tempdima=\dimen165
\caption@indent=\dimen166
\caption@parindent=\dimen167
\caption@hangindent=\dimen168
Package caption Info: Standard document class detected.
)
\c@caption@flags=\count281
\c@continuedfloat=\count282
Package caption Info: hyperref package is loaded.
)
\c@KVtest=\count283
\sf@farskip=\skip53
\sf@captopadj=\dimen169
\sf@capskip=\skip54
\sf@nearskip=\skip55
\c@subfigure=\count284
\c@subfigure@save=\count285
\c@lofdepth=\count286
\c@subtable=\count287
\c@subtable@save=\count288
\c@lotdepth=\count289
\sf@top=\skip56
\sf@bottom=\skip57
)
(C:\Program Files (x86)\MiKTeX\tex/latex/algorithms\algorithm.sty
Package: algorithm 2009/08/24 v0.1 Document Style `algorithm' - floating enviro
nment

(C:\Program Files (x86)\MiKTeX\tex/latex/float\float.sty
Package: float 2001/11/08 v1.3d Float enhancements (AL)
\c@float@type=\count290
\float@exts=\toks25
\float@box=\box52
\@float@everytoks=\toks26
\@floatcapt=\box53
)
(C:\Program Files (x86)\MiKTeX\tex/latex/base\ifthen.sty
Package: ifthen 2020/11/24 v1.1c Standard LaTeX ifthen package (DPC)
)
\@float@every@algorithm=\toks27
\c@algorithm=\count291
)
(C:\Program Files (x86)\MiKTeX\tex/latex/algorithmicx\algpseudocode.sty
Package: algpseudocode 

(C:\Program Files (x86)\MiKTeX\tex/latex/algorithmicx\algorithmicx.sty
Package: algorithmicx 2005/04/27 v1.2 Algorithmicx

Document Style algorithmicx 1.2 - a greatly improved `algorithmic' style
\c@ALG@line=\count292
\c@ALG@rem=\count293
\c@ALG@nested=\count294
\ALG@tlm=\skip58
\ALG@thistlm=\skip59
\c@ALG@Lnr=\count295
\c@ALG@blocknr=\count296
\c@ALG@storecount=\count297
\c@ALG@tmpcounter=\count298
\ALG@tmplength=\skip60
)
Document Style - pseudocode environments for use with the `algorithmicx' style
) (C:\Program Files (x86)\MiKTeX\tex/latex/titlesec\titlesec.sty
Package: titlesec 2021/07/05 v2.14 Sectioning titles
\ttl@box=\box54
\beforetitleunit=\skip61
\aftertitleunit=\skip62
\ttl@plus=\dimen170
\ttl@minus=\dimen171
\ttl@toksa=\toks28
\titlewidth=\dimen172
\titlewidthlast=\dimen173
\titlewidthfirst=\dimen174
)
(C:\Program Files (x86)\MiKTeX\tex/latex/amscls\amsthm.sty
Package: amsthm 2020/05/29 v2.20.6
\thm@style=\toks29
\thm@bodyfont=\toks30
\thm@headfont=\toks31
\thm@notefont=\toks32
\thm@headpunct=\toks33
\thm@preskip=\skip63
\thm@postskip=\skip64
\thm@headsep=\skip65
\dth@everypar=\toks34
)
\c@theorem=\count299
\c@observation=\count300
\c@conjecture=\count301
\c@Qu=\count302
\c@fact=\count303
\c@definition=\count304
\c@example=\count305
\c@problem=\count306

(C:\Program Files (x86)\MiKTeX\tex/latex/mathtools\mathtools.sty
Package: mathtools 2021/04/12 v1.27 mathematical typesetting tools

(C:\Program Files (x86)\MiKTeX\tex/latex/tools\calc.sty
Package: calc 2017/05/25 v4.3 Infix arithmetic (KKT,FJ)
\calc@Acount=\count307
\calc@Bcount=\count308
\calc@Adimen=\dimen175
\calc@Bdimen=\dimen176
\calc@Askip=\skip66
\calc@Bskip=\skip67
LaTeX Info: Redefining \setlength on input line 80.
LaTeX Info: Redefining \addtolength on input line 81.
\calc@Ccount=\count309
\calc@Cskip=\skip68
)
(C:\Program Files (x86)\MiKTeX\tex/latex/mathtools\mhsetup.sty
Package: mhsetup 2021/03/18 v1.4 programming setup (MH)
)
LaTeX Info: Thecontrolsequence`\('isalreadyrobust on input line 130.
LaTeX Info: Thecontrolsequence`\)'isalreadyrobust on input line 130.
LaTeX Info: Thecontrolsequence`\['isalreadyrobust on input line 130.
LaTeX Info: Thecontrolsequence`\]'isalreadyrobust on input line 130.
\g_MT_multlinerow_int=\count310
\l_MT_multwidth_dim=\dimen177
\origjot=\skip69
\l_MT_shortvdotswithinadjustabove_dim=\dimen178
\l_MT_shortvdotswithinadjustbelow_dim=\dimen179
\l_MT_above_intertext_sep=\dimen180
\l_MT_below_intertext_sep=\dimen181
\l_MT_above_shortintertext_sep=\dimen182
\l_MT_below_shortintertext_sep=\dimen183
\xmathstrut@box=\box55
\xmathstrut@dim=\dimen184
)
(C:\Program Files (x86)\MiKTeX\tex/latex/setspace\setspace.sty
Package: setspace 2011/12/19 v6.7a set line spacing
))
(C:\Program Files (x86)\MiKTeX\tex/latex/l3backend\l3backend-pdftex.def
File: l3backend-pdftex.def 2021-08-04 L3 backend support: PDF output (pdfTeX)
\l__color_backend_stack_int=\count311
\l__pdf_internal_box=\box56
)
(week-14-blank.aux)
\openout1 = `week-14-blank.aux'.

LaTeX Font Info:    Checking defaults for OML/cmm/m/it on input line 7.
LaTeX Font Info:    ... okay on input line 7.
LaTeX Font Info:    Checking defaults for OMS/cmsy/m/n on input line 7.
LaTeX Font Info:    ... okay on input line 7.
LaTeX Font Info:    Checking defaults for OT1/cmr/m/n on input line 7.
LaTeX Font Info:    ... okay on input line 7.
LaTeX Font Info:    Checking defaults for T1/cmr/m/n on input line 7.
LaTeX Font Info:    ... okay on input line 7.
LaTeX Font Info:    Checking defaults for TS1/cmr/m/n on input line 7.
LaTeX Font Info:    ... okay on input line 7.
LaTeX Font Info:    Checking defaults for OMX/cmex/m/n on input line 7.
LaTeX Font Info:    ... okay on input line 7.
LaTeX Font Info:    Checking defaults for U/cmr/m/n on input line 7.
LaTeX Font Info:    ... okay on input line 7.
LaTeX Font Info:    Checking defaults for PD1/pdf/m/n on input line 7.
LaTeX Font Info:    ... okay on input line 7.
LaTeX Font Info:    Checking defaults for PU/pdf/m/n on input line 7.
LaTeX Font Info:    ... okay on input line 7.

*geometry* driver: auto-detecting
*geometry* detected driver: pdftex
*geometry* verbose mode - [ preamble ] result:
* driver: pdftex
* paper: <default>
* layout: <same size as paper>
* layoutoffset:(h,v)=(0.0pt,0.0pt)
* modes: 
* h-part:(L,W,R)=(72.26999pt, 415.55252pt, 126.47249pt)
* v-part:(T,H,B)=(72.26999pt, 650.43001pt, 72.26999pt)
* \paperwidth=614.295pt
* \paperheight=794.96999pt
* \textwidth=415.55252pt
* \textheight=650.43001pt
* \oddsidemargin=0.0pt
* \evensidemargin=0.0pt
* \topmargin=-37.0pt
* \headheight=12.0pt
* \headsep=25.0pt
* \topskip=11.0pt
* \footskip=30.0pt
* \marginparwidth=59.0pt
* \marginparsep=10.0pt
* \columnsep=10.0pt
* \skip\footins=10.0pt plus 4.0pt minus 2.0pt
* \hoffset=0.0pt
* \voffset=0.0pt
* \mag=1000
* \@twocolumnfalse
* \@twosidefalse
* \@mparswitchfalse
* \@reversemarginfalse
* (1in=72.27pt=25.4mm, 1cm=28.453pt)

(C:\Program Files (x86)\MiKTeX\tex/latex/graphics\color.sty
Package: color 2020/02/24 v1.2b Standard LaTeX Color (DPC)

(C:\Program Files (x86)\MiKTeX\tex/latex/graphics-cfg\color.cfg
File: color.cfg 2016/01/02 v1.6 sample color configuration
)
Package color Info: Driver file: pdftex.def on input line 149.
)
Package hyperref Info: Link coloring ON on input line 7.

(C:\Program Files (x86)\MiKTeX\tex/latex/hyperref\nameref.sty
Package: nameref 2021-04-02 v2.47 Cross-referencing by name of section

(C:\Program Files (x86)\MiKTeX\tex/latex/refcount\refcount.sty
Package: refcount 2019/12/15 v3.6 Data extraction from label references (HO)
)
(C:\Program Files (x86)\MiKTeX\tex/generic/gettitlestring\gettitlestring.sty
Package: gettitlestring 2019/12/15 v1.6 Cleanup title references (HO)
)
\c@section@level=\count312
)
LaTeX Info: Redefining \ref on input line 7.
LaTeX Info: Redefining \pageref on input line 7.
LaTeX Info: Redefining \nameref on input line 7.

(week-14-blank.out) (week-14-blank.out)
\@outlinefile=\write3
\openout3 = `week-14-blank.out'.


(C:\Program Files (x86)\MiKTeX\tex/context/base/mkii\supp-pdf.mkii
[Loading MPS to PDF converter (version 2006.09.02).]
\scratchcounter=\count313
\scratchdimen=\dimen185
\scratchbox=\box57
\nofMPsegments=\count314
\nofMParguments=\count315
\everyMPshowfont=\toks35
\MPscratchCnt=\count316
\MPscratchDim=\dimen186
\MPnumerator=\count317
\makeMPintoPDFobject=\count318
\everyMPtoPDFconversion=\toks36
) (C:\Program Files (x86)\MiKTeX\tex/latex/epstopdf-pkg\epstopdf-base.sty
Package: epstopdf-base 2020-01-24 v2.11 Base part for package epstopdf
Package epstopdf-base Info: Redefining graphics rule for `.eps' on input line 4
85.

(C:\Program Files (x86)\MiKTeX\tex/latex/00miktex\epstopdf-sys.cfg
File: epstopdf-sys.cfg 2021/03/18 v2.0 Configuration of epstopdf for MiKTeX
))
Package caption Info: Begin \AtBeginDocument code.
Package caption Info: subfig package v1.3 is loaded.
Package caption Info: float package is loaded.
Package caption Info: End \AtBeginDocument code.

Overfull \hbox (16.26796pt too wide) in paragraph at lines 9--9
 [] 
 []

LaTeX Font Info:    Trying to load font information for OT1+lmss on input line 
17.
(C:\Program Files (x86)\MiKTeX\tex/latex/lm\ot1lmss.fd
File: ot1lmss.fd 2009/10/30 v1.6 Font defs for Latin Modern
)
LaTeX Font Info:    Font shape `OT1/lmss/b/n' in size <14> not available
(Font)              Font shape `OT1/lmss/bx/n' tried instead on input line 17.
LaTeX Font Info:    Trying to load font information for U+rsfs on input line 25
.

(C:\Program Files (x86)\MiKTeX\tex/latex/jknappen\ursfs.fd
File: ursfs.fd 1998/03/24 rsfs font definition file (jk)
)
LaTeX Font Info:    Trying to load font information for U+msa on input line 25.


(C:\Program Files (x86)\MiKTeX\tex/latex/amsfonts\umsa.fd
File: umsa.fd 2013/01/14 v3.01 AMS symbols A
)
LaTeX Font Info:    Trying to load font information for U+msb on input line 25.


(C:\Program Files (x86)\MiKTeX\tex/latex/amsfonts\umsb.fd
File: umsb.fd 2013/01/14 v3.01 AMS symbols B
)
Underfull \hbox (badness 10000) in paragraph at lines 25--26

 []

[1

{C:/Users/samso/AppData/Local/MiKTeX/pdftex/config/pdftex.map}] [2]
Overfull \hbox (5.67787pt too wide) in paragraph at lines 80--81
[] []\OT1/cmr/bx/n/10.95 An-other ex-am-ple prob-lem.[] \OT1/cmr/m/n/10.95 The 
stu-dents of \OT1/cmr/bx/n/10.95 CSCE 411 \OT1/cmr/m/n/10.95 are man-ag-ing the
ir semester
 []


Overfull \hbox (18.1671pt too wide) in paragraph at lines 91--100
 [] 
 []

[3]
Overfull \hbox (51.24498pt too wide) in paragraph at lines 148--151
[]\OT1/cmr/m/n/10.95 If a par-tic-u-lar so-lu-tion $[]$ sat-is-fies all of the 
con-straints, we call it a $[]$.
 []


Underfull \hbox (badness 10000) in paragraph at lines 155--156

 []


Underfull \hbox (badness 10000) in paragraph at lines 159--160

 []


Underfull \hbox (badness 10000) in paragraph at lines 164--165

 []


Underfull \hbox (badness 10000) in paragraph at lines 168--169

 []

[4]
<lp-vertex.png, id=68, 475.7775pt x 328.8285pt>
File: lp-vertex.png Graphic file (type png)
<use lp-vertex.png>
Package pdftex.def Info: lp-vertex.png  used on input line 197.
(pdftex.def)             Requested size: 475.77632pt x 328.8277pt.

Overfull \hbox (60.2238pt too wide) in paragraph at lines 197--198
[][] 
 []

[5 <./lp-vertex.png>]
<figures/A.pdf, id=77, 315.37228pt x 230.21338pt>
File: figures/A.pdf Graphic file (type pdf)
<use figures/A.pdf>
Package pdftex.def Info: figures/A.pdf  used on input line 217.
(pdftex.def)             Requested size: 22.76164pt x 14.22319pt.
<figures/B.pdf, id=78, 314.21352pt x 229.77534pt>
File: figures/B.pdf Graphic file (type pdf)
<use figures/B.pdf>
Package pdftex.def Info: figures/B.pdf  used on input line 218.
(pdftex.def)             Requested size: 22.7595pt x 14.22418pt.
<figures/C.pdf, id=79, 314.27463pt x 230.07079pt>
File: figures/C.pdf Graphic file (type pdf)
<use figures/C.pdf>
Package pdftex.def Info: figures/C.pdf  used on input line 219.
(pdftex.def)             Requested size: 22.75914pt x 14.22491pt.
<figures/D.pdf, id=80, 313.57942pt x 227.58772pt>
File: figures/D.pdf Graphic file (type pdf)
<use figures/D.pdf>
Package pdftex.def Info: figures/D.pdf  used on input line 220.
(pdftex.def)             Requested size: 22.76143pt x 14.2242pt.
<figures/E.pdf, id=81, 314.30771pt x 229.9817pt>
File: figures/E.pdf Graphic file (type pdf)
<use figures/E.pdf>
Package pdftex.def Info: figures/E.pdf  used on input line 221.
(pdftex.def)             Requested size: 22.76154pt x 14.22292pt.
<figures/F.pdf, id=82, 313.4928pt x 228.73375pt>
File: figures/F.pdf Graphic file (type pdf)
<use figures/F.pdf>
Package pdftex.def Info: figures/F.pdf  used on input line 222.
(pdftex.def)             Requested size: 22.75993pt x 14.22601pt.
 [6 <./figures/A.pdf> <./figures/B.pdf> <./figures/C.pdf> <./figures/D.pdf> <./
figures/E.pdf> <./figures/F.pdf>]
Overfull \hbox (69.66484pt too wide) in paragraph at lines 253--255
[]\OT1/cmr/m/n/10.95 Let $[]$ be the $[]$ 
 []


Overfull \hbox (95.154pt too wide) in paragraph at lines 255--257
[]\OT1/cmr/m/n/10.95 Let $[]$ be the $[]$ 
 []


Overfull \hbox (79.27654pt too wide) in paragraph at lines 257--258
[]\OT1/cmr/m/n/10.95 Let $[]$ be the $[]$ 
 []

[7]
Overfull \hbox (34.09753pt too wide) in paragraph at lines 266--267
\OT1/cmr/m/n/10.95 lem where $[]$ and $[]$,
 []

[8]
File: figures/A.pdf Graphic file (type pdf)
<use figures/A.pdf>
Package pdftex.def Info: figures/A.pdf  used on input line 303.
(pdftex.def)             Requested size: 22.76164pt x 14.22319pt.
File: figures/B.pdf Graphic file (type pdf)
<use figures/B.pdf>
Package pdftex.def Info: figures/B.pdf  used on input line 304.
(pdftex.def)             Requested size: 22.7595pt x 14.22418pt.
File: figures/C.pdf Graphic file (type pdf)
<use figures/C.pdf>
Package pdftex.def Info: figures/C.pdf  used on input line 305.
(pdftex.def)             Requested size: 22.75914pt x 14.22491pt.
File: figures/D.pdf Graphic file (type pdf)
<use figures/D.pdf>
Package pdftex.def Info: figures/D.pdf  used on input line 306.
(pdftex.def)             Requested size: 22.76143pt x 14.2242pt.
File: figures/A.pdf Graphic file (type pdf)
<use figures/A.pdf>
Package pdftex.def Info: figures/A.pdf  used on input line 321.
(pdftex.def)             Requested size: 22.76164pt x 14.22319pt.
File: figures/B.pdf Graphic file (type pdf)
<use figures/B.pdf>
Package pdftex.def Info: figures/B.pdf  used on input line 322.
(pdftex.def)             Requested size: 22.7595pt x 14.22418pt.
File: figures/C.pdf Graphic file (type pdf)
<use figures/C.pdf>
Package pdftex.def Info: figures/C.pdf  used on input line 323.
(pdftex.def)             Requested size: 22.75914pt x 14.22491pt.
File: figures/D.pdf Graphic file (type pdf)
<use figures/D.pdf>
Package pdftex.def Info: figures/D.pdf  used on input line 324.
(pdftex.def)             Requested size: 22.76143pt x 14.2242pt.
File: figures/E.pdf Graphic file (type pdf)
<use figures/E.pdf>
Package pdftex.def Info: figures/E.pdf  used on input line 325.
(pdftex.def)             Requested size: 22.76154pt x 14.22292pt.
 [9]

LaTeX Font Warning: Font shape `OT1/cmr/m/scit' undefined
(Font)              using `OT1/cmr/m/sc' instead on input line 341.


Underfull \hbox (badness 10000) in paragraph at lines 353--354

 []


Underfull \hbox (badness 10000) in paragraph at lines 355--356

 []


Underfull \hbox (badness 10000) in paragraph at lines 355--356

 []

File: figures/A.pdf Graphic file (type pdf)
<use figures/A.pdf>
Package pdftex.def Info: figures/A.pdf  used on input line 372.
(pdftex.def)             Requested size: 22.76164pt x 14.22319pt.
File: figures/B.pdf Graphic file (type pdf)
<use figures/B.pdf>
Package pdftex.def Info: figures/B.pdf  used on input line 373.
(pdftex.def)             Requested size: 22.7595pt x 14.22418pt.
[10]
File: figures/C.pdf Graphic file (type pdf)
<use figures/C.pdf>
Package pdftex.def Info: figures/C.pdf  used on input line 374.
(pdftex.def)             Requested size: 22.75914pt x 14.22491pt.
File: figures/D.pdf Graphic file (type pdf)
<use figures/D.pdf>
Package pdftex.def Info: figures/D.pdf  used on input line 375.
(pdftex.def)             Requested size: 22.76143pt x 14.2242pt.
File: figures/E.pdf Graphic file (type pdf)
<use figures/E.pdf>
Package pdftex.def Info: figures/E.pdf  used on input line 376.
(pdftex.def)             Requested size: 22.76154pt x 14.22292pt.
 [11]
Underfull \hbox (badness 10000) in paragraph at lines 388--389

 []


Overfull \hbox (45.8241pt too wide) in paragraph at lines 392--393
[]$[]$ \OT1/cmr/m/n/10.95 A pro-ce-dure for find-ing a value $[]$ that sat-is-f
ies $[]$ 
 []


Underfull \hbox (badness 10000) in paragraph at lines 394--395

 []


Underfull \hbox (badness 10000) in paragraph at lines 397--398

 []


Underfull \hbox (badness 10000) in paragraph at lines 399--400

 []


Underfull \hbox (badness 10000) in paragraph at lines 399--400

 []


Underfull \hbox (badness 10000) in paragraph at lines 401--402

 []


Underfull \hbox (badness 10000) in paragraph at lines 402--403

 []

[12]
Underfull \hbox (badness 10000) in paragraph at lines 415--416

 []


Underfull \hbox (badness 10000) in paragraph at lines 417--418

 []

[13]
Underfull \hbox (badness 10000) in paragraph at lines 436--437

 []


Underfull \hbox (badness 10000) in paragraph at lines 442--443

 []


Underfull \hbox (badness 10000) in paragraph at lines 456--457

 []

[14]

LaTeX Font Warning: Font shape `OT1/cmr/m/scit' undefined
(Font)              using `OT1/cmr/m/sc' instead on input line 461.

[15] (week-14-blank.aux)
Package rerunfilecheck Info: File `week-14-blank.out' has not changed.
(rerunfilecheck)             Checksum: 5F49FB9983B8892D394E4C7A2C91D34D;2090.
 ) 
Here is how much of TeX's memory you used:
 12719 strings out of 478927
 193015 string characters out of 2859566
 507264 words of memory out of 3000000
 30333 multiletter control sequences out of 15000+600000
 413483 words of font info for 56 fonts, out of 8000000 for 9000
 1141 hyphenation exceptions out of 8191
 74i,9n,82p,546b,481s stack positions out of 5000i,500n,10000p,200000b,80000s
{C:/Program Files (x86)/MiKTeX/fonts/enc/dvips/lm/lm-rm.enc} <C:\Users\samso\
AppData\Local\MiKTeX\fonts/pk/ljfour/jknappen/ec/dpi600\tcrm1095.pk><C:/Program
 Files (x86)/MiKTeX/fonts/type1/public/amsfonts/cm/cmbx10.pfb><C:/Program Files
 (x86)/MiKTeX/fonts/type1/public/amsfonts/cm/cmcsc10.pfb><C:/Program Files (x86
)/MiKTeX/fonts/type1/public/amsfonts/cm/cmex10.pfb><C:/Program Files (x86)/MiKT
eX/fonts/type1/public/amsfonts/cm/cmmi10.pfb><C:/Program Files (x86)/MiKTeX/fon
ts/type1/public/amsfonts/cm/cmmi8.pfb><C:/Program Files (x86)/MiKTeX/fonts/type
1/public/amsfonts/cm/cmr10.pfb><C:/Program Files (x86)/MiKTeX/fonts/type1/publi
c/amsfonts/cm/cmr12.pfb><C:/Program Files (x86)/MiKTeX/fonts/type1/public/amsfo
nts/cm/cmr8.pfb><C:/Program Files (x86)/MiKTeX/fonts/type1/public/amsfonts/cm/c
msy10.pfb><C:/Program Files (x86)/MiKTeX/fonts/type1/public/amsfonts/cm/cmsy6.p
fb><C:/Program Files (x86)/MiKTeX/fonts/type1/public/amsfonts/cm/cmsy8.pfb><C:/
Program Files (x86)/MiKTeX/fonts/type1/public/amsfonts/cm/cmti10.pfb><C:/Progra
m Files (x86)/MiKTeX/fonts/type1/public/lm/lmssbx10.pfb>
Output written on week-14-blank.pdf (15 pages, 927950 bytes).
PDF statistics:
 398 PDF objects out of 1000 (max. 8388607)
 43 named destinations out of 1000 (max. 500000)
 116 words of extra memory for PDF output out of 10000 (max. 10000000)

